<?xml version="1.0" encoding="UTF-8"?>
<testng-results ignored="0" total="4" passed="4" failed="0" skipped="0">
  <reporter-output>
  </reporter-output>
  <suite started-at="2022-07-07T10:29:45 IST" name="SuiteRegressionSuiteAllTest" finished-at="2022-07-07T10:30:56 IST" duration-ms="70496">
    <groups>
    </groups>
    <test started-at="2022-07-07T10:29:45 IST" name="TestRegressionSuiteAllTest" finished-at="2022-07-07T10:30:56 IST" duration-ms="70496">
      <class name="com.qa.testLayer.SellingTest">
        <test-method is-config="true" signature="start()[pri:0, instance:com.qa.testLayer.SellingTest@4efbca5a]" started-at="2022-07-07T10:30:16 IST" name="start" finished-at="2022-07-07T10:30:16 IST" duration-ms="16" status="PASS">
          <reporter-output>
          </reporter-output>
        </test-method> <!-- start -->
        <test-method is-config="true" signature="setUp(java.lang.String)[pri:0, instance:com.qa.testLayer.SellingTest@4efbca5a]" started-at="2022-07-07T10:30:16 IST" name="setUp" finished-at="2022-07-07T10:30:22 IST" duration-ms="6131" status="PASS">
          <params>
            <param index="0">
              <value>
                <![CDATA[chrome]]>
              </value>
            </param>
          </params>
          <reporter-output>
          </reporter-output>
        </test-method> <!-- setUp -->
        <test-method signature="verifySellShare()[pri:0, instance:com.qa.testLayer.SellingTest@4efbca5a]" started-at="2022-07-07T10:30:22 IST" name="verifySellShare" finished-at="2022-07-07T10:30:36 IST" duration-ms="14099" status="PASS">
          <reporter-output>
          </reporter-output>
        </test-method> <!-- verifySellShare -->
        <test-method is-config="true" signature="tearDown()[pri:0, instance:com.qa.testLayer.SellingTest@4efbca5a]" started-at="2022-07-07T10:30:36 IST" name="tearDown" finished-at="2022-07-07T10:30:36 IST" duration-ms="319" status="PASS">
          <reporter-output>
          </reporter-output>
        </test-method> <!-- tearDown -->
        <test-method is-config="true" signature="stop()[pri:0, instance:com.qa.testLayer.SellingTest@4efbca5a]" started-at="2022-07-07T10:30:36 IST" name="stop" finished-at="2022-07-07T10:30:36 IST" duration-ms="3" status="PASS">
          <reporter-output>
          </reporter-output>
        </test-method> <!-- stop -->
      </class> <!-- com.qa.testLayer.SellingTest -->
      <class name="com.qa.testLayer.LoginPageTest">
        <test-method is-config="true" signature="start()[pri:0, instance:com.qa.testLayer.LoginPageTest@7817fd62]" started-at="2022-07-07T10:30:36 IST" name="start" finished-at="2022-07-07T10:30:36 IST" duration-ms="3" status="PASS">
          <reporter-output>
          </reporter-output>
        </test-method> <!-- start -->
        <test-method is-config="true" signature="setUp(java.lang.String)[pri:0, instance:com.qa.testLayer.LoginPageTest@7817fd62]" started-at="2022-07-07T10:30:36 IST" name="setUp" finished-at="2022-07-07T10:30:42 IST" duration-ms="6044" status="PASS">
          <params>
            <param index="0">
              <value>
                <![CDATA[chrome]]>
              </value>
            </param>
          </params>
          <reporter-output>
          </reporter-output>
        </test-method> <!-- setUp -->
        <test-method signature="VerifyLoginFunctionality()[pri:0, instance:com.qa.testLayer.LoginPageTest@7817fd62]" started-at="2022-07-07T10:30:42 IST" name="VerifyLoginFunctionality" finished-at="2022-07-07T10:30:43 IST" duration-ms="463" status="PASS">
          <reporter-output>
          </reporter-output>
        </test-method> <!-- VerifyLoginFunctionality -->
        <test-method is-config="true" signature="tearDown()[pri:0, instance:com.qa.testLayer.LoginPageTest@7817fd62]" started-at="2022-07-07T10:30:43 IST" name="tearDown" finished-at="2022-07-07T10:30:43 IST" duration-ms="267" status="PASS">
          <reporter-output>
          </reporter-output>
        </test-method> <!-- tearDown -->
        <test-method is-config="true" signature="stop()[pri:0, instance:com.qa.testLayer.LoginPageTest@7817fd62]" started-at="2022-07-07T10:30:43 IST" name="stop" finished-at="2022-07-07T10:30:43 IST" duration-ms="1" status="PASS">
          <reporter-output>
          </reporter-output>
        </test-method> <!-- stop -->
      </class> <!-- com.qa.testLayer.LoginPageTest -->
      <class name="com.qa.testLayer.LoginLogoutPageTest">
        <test-method is-config="true" signature="start()[pri:0, instance:com.qa.testLayer.LoginLogoutPageTest@8297b3a]" started-at="2022-07-07T10:30:43 IST" name="start" finished-at="2022-07-07T10:30:43 IST" duration-ms="5" status="PASS">
          <reporter-output>
          </reporter-output>
        </test-method> <!-- start -->
        <test-method is-config="true" signature="setUp(java.lang.String)[pri:0, instance:com.qa.testLayer.LoginLogoutPageTest@8297b3a]" started-at="2022-07-07T10:30:43 IST" name="setUp" finished-at="2022-07-07T10:30:49 IST" duration-ms="5918" status="PASS">
          <params>
            <param index="0">
              <value>
                <![CDATA[chrome]]>
              </value>
            </param>
          </params>
          <reporter-output>
          </reporter-output>
        </test-method> <!-- setUp -->
        <test-method signature="logout()[pri:0, instance:com.qa.testLayer.LoginLogoutPageTest@8297b3a]" started-at="2022-07-07T10:30:49 IST" name="logout" finished-at="2022-07-07T10:30:55 IST" duration-ms="6067" status="PASS">
          <reporter-output>
          </reporter-output>
        </test-method> <!-- logout -->
        <test-method is-config="true" signature="tearDown()[pri:0, instance:com.qa.testLayer.LoginLogoutPageTest@8297b3a]" started-at="2022-07-07T10:30:55 IST" name="tearDown" finished-at="2022-07-07T10:30:56 IST" duration-ms="635" status="PASS">
          <reporter-output>
          </reporter-output>
        </test-method> <!-- tearDown -->
        <test-method is-config="true" signature="stop()[pri:0, instance:com.qa.testLayer.LoginLogoutPageTest@8297b3a]" started-at="2022-07-07T10:30:56 IST" name="stop" finished-at="2022-07-07T10:30:56 IST" duration-ms="1" status="PASS">
          <reporter-output>
          </reporter-output>
        </test-method> <!-- stop -->
      </class> <!-- com.qa.testLayer.LoginLogoutPageTest -->
      <class name="com.qa.testLayer.TreadingTest">
        <test-method is-config="true" signature="start()[pri:0, instance:com.qa.testLayer.TreadingTest@1623b78d]" started-at="2022-07-07T10:29:45 IST" name="start" finished-at="2022-07-07T10:29:46 IST" duration-ms="268" status="PASS">
          <reporter-output>
          </reporter-output>
        </test-method> <!-- start -->
        <test-method is-config="true" signature="setUp(java.lang.String)[pri:0, instance:com.qa.testLayer.TreadingTest@1623b78d]" started-at="2022-07-07T10:29:46 IST" name="setUp" finished-at="2022-07-07T10:30:00 IST" duration-ms="13895" status="PASS">
          <params>
            <param index="0">
              <value>
                <![CDATA[chrome]]>
              </value>
            </param>
          </params>
          <reporter-output>
          </reporter-output>
        </test-method> <!-- setUp -->
        <test-method signature="verifyBuyShare()[pri:0, instance:com.qa.testLayer.TreadingTest@1623b78d]" started-at="2022-07-07T10:30:00 IST" name="verifyBuyShare" finished-at="2022-07-07T10:30:15 IST" duration-ms="15859" status="PASS">
          <reporter-output>
          </reporter-output>
        </test-method> <!-- verifyBuyShare -->
        <test-method is-config="true" signature="tearDown()[pri:0, instance:com.qa.testLayer.TreadingTest@1623b78d]" started-at="2022-07-07T10:30:15 IST" name="tearDown" finished-at="2022-07-07T10:30:16 IST" duration-ms="367" status="PASS">
          <reporter-output>
          </reporter-output>
        </test-method> <!-- tearDown -->
        <test-method is-config="true" signature="stop()[pri:0, instance:com.qa.testLayer.TreadingTest@1623b78d]" started-at="2022-07-07T10:30:16 IST" name="stop" finished-at="2022-07-07T10:30:16 IST" duration-ms="2" status="PASS">
          <reporter-output>
          </reporter-output>
        </test-method> <!-- stop -->
      </class> <!-- com.qa.testLayer.TreadingTest -->
    </test> <!-- TestRegressionSuiteAllTest -->
  </suite> <!-- SuiteRegressionSuiteAllTest -->
</testng-results>
