<?xml version="1.0" encoding="UTF-8"?>
<!-- Generated by org.testng.reporters.JUnitXMLReporter -->
<testsuite ignored="0" hostname="DESKTOP-NRABHQU" failures="0" tests="4" name="TestRegressionSuiteAllTest" time="70.496" errors="0" timestamp="2022-07-07T10:30:56 IST">
  <testcase classname="com.qa.testLayer.TreadingTest" name="verifyBuyShare" time="15.859"/>
  <testcase classname="com.qa.testLayer.SellingTest" name="verifySellShare" time="14.099"/>
  <testcase classname="com.qa.testLayer.LoginPageTest" name="VerifyLoginFunctionality" time="0.463"/>
  <testcase classname="com.qa.testLayer.LoginLogoutPageTest" name="logout" time="6.067"/>
</testsuite> <!-- TestRegressionSuiteAllTest -->
